<?xml version="1.0" encoding="UTF-8"?>
<testsuite xmlns:xsi="http://www.w3.org/2001/XMLSchema-instance" xsi:noNamespaceSchemaLocation="https://maven.apache.org/surefire/maven-surefire-plugin/xsd/surefire-test-report-3.0.xsd" version="3.0" name="TestSuite" time="63.314" tests="3" errors="0" skipped="0" failures="0">
  <properties>
[...]
</properties>
  <testcase name="element" classname="Selframe.Framework.Test2" time="0.244">
    <system-out><![CDATA[CDwindow-1EF202280A97BDA0F8F87CAD0EB21470
]]></system-out>
    <system-err><![CDATA[Starting ChromeDriver 88.0.4324.9S6ta (r6St8tiandrg btiCahngr2o mChedrDro8mievaDerr0 i8vb8e.r10 4.88493a.012d.434a3.f2a49c.59666f  a(76(4866d488bd0ab322da8b2acd0fb841a4690abb1d-134raf9eaafc51s6d/f3ab7ar4fa64na8cc03h526b-cfhfea4a67db4-s6r/4ef84s03/32bb2rcfa44n6c@b-h{-r#eh1efa7sds8//44b3}r24)a@{ n#o1c7nh84 -}p)ho eroatn  d2pso9/r84t437 2444
@1{8#0O17n
8O4l}ny)l y o lnlo opccoalra tclo  n4cneo8cn2tn4io5encs
 tOairneol naysl lo lwaerdoe.c a
Pallel asce losoneewn eehdtct.tpsi:
/o/nPcshlr eoaamserderei  vsaerel.elc ohwrhoetdmit.pums
.o:Prl/ge//scaechsurroemie tdsryi-evecre. cohhntrstoipmidsuem:.ro/rag/t/icsohnreosmec dfurorri isvtuegyr-g.cchoenrssotimiiduoemnr.soa troign/o snkeecseu rpfiiotnryg - sCchuorgnosgmieedsDetrriioavntesir  osona nfkseee .pfin
og rC hrsomugeDgresitvioenrs  ons kaeefpien.g Ch
romeDriver safCeh.rom
eDriveChCrrho mrewDraiosvm esret Dawrraitsve edrs t wsuaacsc ersssttfeaurd tleslydu. cs
uccecsessfsuflulyl.l
y.
Feb 08, 2021 11:06:14 AM org.openqa.selenium.remote.ProtocolHandshake createSession
INFO: Detected dialect: W3C
Feb 08, 2021 11:06:14 AM org.openqa.selenium.remote.ProtocolHandshake createSession
INFO: Detected dialect: W3C
Feb 08, 2021 11:06:14 AM org.openqa.selenium.remote.ProtocolHandshake createSession
INFO: Detected dialect: W3C
]]></system-err>
  </testcase>
  <testcase name="pageopen" classname="Selframe.Framework.Test3" time="2.464">
    <system-out><![CDATA[CDwindow-1EF202280A97BDA0F8F87CAD0EB21470
Hello. What can we help you with?
Customer Service
]]></system-out>
  </testcase>
  <testcase name="SignInPage[margrac1234@yahoo.com, Jesus@123, Dress for baby girl](1)" classname="Selframe.Framework.Test1" time="38.706">
    <system-out><![CDATA[Carriage Boutique
Magnificent Baby
Kissy Kissy
Carriage Boutique
Carriage Boutique
Carriage Boutique
Carriage Boutique
Carriage Boutique
Carriage Boutique
Carriage Boutique
Carriage Boutique
Carriage Boutique
Carriage Boutique
Carriage Boutique
Carriage Boutique
Carriage Boutique
Carriage Boutique
Carriage Boutique
Carriage Boutique
Add to Cart
]]></system-out>
  </testcase>
</testsuite>